

Started GET "/" for ::1 at 2015-06-22 18:42:36 -0700

ActiveRecord::PendingMigrationError - 

Migrations are pending. To resolve this issue, run:

	bin/rake db:migrate RAILS_ENV=development

:
  activerecord (4.2.2) lib/active_record/migration.rb:393:in `check_pending!'
  activerecord (4.2.2) lib/active_record/migration.rb:374:in `call'
  actionpack (4.2.2) lib/action_dispatch/middleware/callbacks.rb:29:in `block in call'
  activesupport (4.2.2) lib/active_support/callbacks.rb:88:in `_run_callbacks'
  activesupport (4.2.2) lib/active_support/callbacks.rb:776:in `_run_call_callbacks'
  activesupport (4.2.2) lib/active_support/callbacks.rb:81:in `run_callbacks'
  actionpack (4.2.2) lib/action_dispatch/middleware/callbacks.rb:27:in `call'
  actionpack (4.2.2) lib/action_dispatch/middleware/reloader.rb:73:in `call'
  actionpack (4.2.2) lib/action_dispatch/middleware/remote_ip.rb:78:in `call'
  better_errors (2.1.1) lib/better_errors/middleware.rb:84:in `protected_app_call'
  better_errors (2.1.1) lib/better_errors/middleware.rb:79:in `better_errors_call'
  better_errors (2.1.1) lib/better_errors/middleware.rb:57:in `call'
  actionpack (4.2.2) lib/action_dispatch/middleware/debug_exceptions.rb:17:in `call'
  web-console (2.1.3) lib/web_console/middleware.rb:37:in `call'
  actionpack (4.2.2) lib/action_dispatch/middleware/show_exceptions.rb:30:in `call'
  railties (4.2.2) lib/rails/rack/logger.rb:38:in `call_app'
  railties (4.2.2) lib/rails/rack/logger.rb:20:in `block in call'
  activesupport (4.2.2) lib/active_support/tagged_logging.rb:68:in `block in tagged'
  activesupport (4.2.2) lib/active_support/tagged_logging.rb:26:in `tagged'
  activesupport (4.2.2) lib/active_support/tagged_logging.rb:68:in `tagged'
  railties (4.2.2) lib/rails/rack/logger.rb:20:in `call'
  actionpack (4.2.2) lib/action_dispatch/middleware/request_id.rb:21:in `call'
  rack (1.6.2) lib/rack/methodoverride.rb:22:in `call'
  rack (1.6.2) lib/rack/runtime.rb:18:in `call'
  activesupport (4.2.2) lib/active_support/cache/strategy/local_cache_middleware.rb:28:in `call'
  rack (1.6.2) lib/rack/lock.rb:17:in `call'
  actionpack (4.2.2) lib/action_dispatch/middleware/static.rb:113:in `call'
  rack (1.6.2) lib/rack/sendfile.rb:113:in `call'
  railties (4.2.2) lib/rails/engine.rb:518:in `call'
  railties (4.2.2) lib/rails/application.rb:164:in `call'
  rack (1.6.2) lib/rack/lock.rb:17:in `call'
  rack (1.6.2) lib/rack/content_length.rb:15:in `call'
  rack (1.6.2) lib/rack/handler/webrick.rb:88:in `service'
  /Users/arhx/.rvm/rubies/ruby-2.2.2/lib/ruby/2.2.0/webrick/httpserver.rb:138:in `service'
  /Users/arhx/.rvm/rubies/ruby-2.2.2/lib/ruby/2.2.0/webrick/httpserver.rb:94:in `run'
  /Users/arhx/.rvm/rubies/ruby-2.2.2/lib/ruby/2.2.0/webrick/server.rb:294:in `block in start_thread'



Started POST "/__better_errors/4340c42ef32094d4/variables" for ::1 at 2015-06-22 18:42:37 -0700
  [1m[36m (1.5ms)[0m  [1mCREATE TABLE "schema_migrations" ("version" varchar NOT NULL) [0m
  [1m[35m (0.1ms)[0m  select sqlite_version(*)
  [1m[36m (1.0ms)[0m  [1mCREATE UNIQUE INDEX "unique_schema_migrations" ON "schema_migrations" ("version")[0m
  [1m[35mActiveRecord::SchemaMigration Load (0.1ms)[0m  SELECT "schema_migrations".* FROM "schema_migrations"
Migrating to CreateTasks (20150617182531)
  [1m[36m (0.2ms)[0m  [1mbegin transaction[0m
  [1m[35m (0.9ms)[0m  CREATE TABLE "tasks" ("id" INTEGER PRIMARY KEY AUTOINCREMENT NOT NULL, "name" varchar NOT NULL, "description" varchar, "date_completed" datetime, "created_at" datetime NOT NULL, "updated_at" datetime NOT NULL) 
  [1m[36mSQL (0.2ms)[0m  [1mINSERT INTO "schema_migrations" ("version") VALUES (?)[0m  [["version", "20150617182531"]]
  [1m[35m (0.9ms)[0m  commit transaction
Migrating to CreatePeople (20150622182638)
  [1m[36m (0.1ms)[0m  [1mbegin transaction[0m
  [1m[35m (0.6ms)[0m  CREATE TABLE "people" ("id" INTEGER PRIMARY KEY AUTOINCREMENT NOT NULL, "name" varchar, "created_at" datetime NOT NULL, "updated_at" datetime NOT NULL) 
  [1m[36mSQL (0.2ms)[0m  [1mINSERT INTO "schema_migrations" ("version") VALUES (?)[0m  [["version", "20150622182638"]]
  [1m[35m (0.8ms)[0m  commit transaction
Migrating to AddPersonIdToTasks (20150622183443)
  [1m[36m (0.1ms)[0m  [1mbegin transaction[0m
  [1m[35m (0.4ms)[0m  ALTER TABLE "tasks" ADD "person_id" integer
  [1m[36m (0.1ms)[0m  [1mCREATE  INDEX "index_tasks_on_person_id" ON "tasks" ("person_id")[0m
  [1m[35mSQL (0.1ms)[0m  INSERT INTO "schema_migrations" ("version") VALUES (?)  [["version", "20150622183443"]]
  [1m[36m (0.9ms)[0m  [1mcommit transaction[0m
  [1m[35mActiveRecord::SchemaMigration Load (0.1ms)[0m  SELECT "schema_migrations".* FROM "schema_migrations"
  [1m[36m (0.1ms)[0m  [1m            SELECT sql
            FROM sqlite_master
            WHERE name='index_tasks_on_person_id' AND type='index'
            UNION ALL
            SELECT sql
            FROM sqlite_temp_master
            WHERE name='index_tasks_on_person_id' AND type='index'
[0m
  [1m[36mActiveRecord::SchemaMigration Load (0.1ms)[0m  [1mSELECT "schema_migrations".* FROM "schema_migrations"[0m
  [1m[35m (0.1ms)[0m  begin transaction
  [1m[36mSQL (0.5ms)[0m  [1mINSERT INTO "tasks" ("name", "description", "date_completed", "created_at", "updated_at") VALUES (?, ?, ?, ?, ?)[0m  [["name", "The First Task"], ["description", "do something cool"], ["date_completed", "1995-04-28 07:06:37.934157"], ["created_at", "2015-06-23 01:42:59.351477"], ["updated_at", "2015-06-23 01:42:59.351477"]]
  [1m[35m (0.9ms)[0m  commit transaction
  [1m[36m (0.1ms)[0m  [1mbegin transaction[0m
  [1m[35mSQL (0.3ms)[0m  INSERT INTO "tasks" ("name", "description", "created_at", "updated_at") VALUES (?, ?, ?, ?)  [["name", "Go to Brunch"], ["description", "eat Eggs Benedict"], ["created_at", "2015-06-23 01:42:59.357685"], ["updated_at", "2015-06-23 01:42:59.357685"]]
  [1m[36m (0.9ms)[0m  [1mcommit transaction[0m
  [1m[35m (0.1ms)[0m  begin transaction
  [1m[36mSQL (0.3ms)[0m  [1mINSERT INTO "tasks" ("name", "description", "date_completed", "created_at", "updated_at") VALUES (?, ?, ?, ?, ?)[0m  [["name", "Go to Lunch"], ["description", "eat a sandwich"], ["date_completed", "2000-06-21 00:19:55.518945"], ["created_at", "2015-06-23 01:42:59.360706"], ["updated_at", "2015-06-23 01:42:59.360706"]]
  [1m[35m (0.8ms)[0m  commit transaction
  [1m[36m (0.0ms)[0m  [1mbegin transaction[0m
  [1m[35mSQL (0.3ms)[0m  INSERT INTO "tasks" ("name", "description", "created_at", "updated_at") VALUES (?, ?, ?, ?)  [["name", "Go to Second Lunch"], ["description", "eat some tacos"], ["created_at", "2015-06-23 01:42:59.363331"], ["updated_at", "2015-06-23 01:42:59.363331"]]
  [1m[36m (0.8ms)[0m  [1mcommit transaction[0m
  [1m[35m (0.1ms)[0m  begin transaction
  [1m[36mSQL (0.2ms)[0m  [1mINSERT INTO "tasks" ("name", "description", "date_completed", "created_at", "updated_at") VALUES (?, ?, ?, ?, ?)[0m  [["name", "Play Video Games"], ["description", "Zelda all the way"], ["date_completed", "1983-12-03 20:30:01.276063"], ["created_at", "2015-06-23 01:42:59.366156"], ["updated_at", "2015-06-23 01:42:59.366156"]]
  [1m[35m (0.7ms)[0m  commit transaction
  [1m[36m (0.0ms)[0m  [1mbegin transaction[0m
  [1m[35mSQL (0.2ms)[0m  INSERT INTO "tasks" ("name", "description", "date_completed", "created_at", "updated_at") VALUES (?, ?, ?, ?, ?)  [["name", "High Five Somebody You Don't Know"], ["description", "like, a stranger"], ["date_completed", "1971-01-16 23:48:56.957754"], ["created_at", "2015-06-23 01:42:59.368626"], ["updated_at", "2015-06-23 01:42:59.368626"]]
  [1m[36m (0.8ms)[0m  [1mcommit transaction[0m
  [1m[35m (0.1ms)[0m  begin transaction
  [1m[36mSQL (0.3ms)[0m  [1mINSERT INTO "tasks" ("name", "description", "date_completed", "created_at", "updated_at") VALUES (?, ?, ?, ?, ?)[0m  [["name", "Plant Flowers"], ["description", ""], ["date_completed", "2013-12-15 10:08:32.099139"], ["created_at", "2015-06-23 01:42:59.371058"], ["updated_at", "2015-06-23 01:42:59.371058"]]
  [1m[35m (0.9ms)[0m  commit transaction
  [1m[36m (0.1ms)[0m  [1mbegin transaction[0m
  [1m[35mSQL (0.2ms)[0m  INSERT INTO "tasks" ("name", "description", "created_at", "updated_at") VALUES (?, ?, ?, ?)  [["name", "Call Mom"], ["description", "on the telephone"], ["created_at", "2015-06-23 01:42:59.373969"], ["updated_at", "2015-06-23 01:42:59.373969"]]
  [1m[36m (0.8ms)[0m  [1mcommit transaction[0m
  [1m[35m (0.1ms)[0m  begin transaction
  [1m[36mSQL (0.3ms)[0m  [1mINSERT INTO "tasks" ("name", "description", "created_at", "updated_at") VALUES (?, ?, ?, ?)[0m  [["name", "She worries, you know."], ["description", "you know she does"], ["created_at", "2015-06-23 01:42:59.376691"], ["updated_at", "2015-06-23 01:42:59.376691"]]
  [1m[35m (0.8ms)[0m  commit transaction
  [1m[36m (0.0ms)[0m  [1mbegin transaction[0m
  [1m[35mSQL (0.2ms)[0m  INSERT INTO "tasks" ("name", "description", "date_completed", "created_at", "updated_at") VALUES (?, ?, ?, ?, ?)  [["name", "Nap."], ["description", "super hard"], ["date_completed", "1997-10-27 14:29:36.135115"], ["created_at", "2015-06-23 01:42:59.379317"], ["updated_at", "2015-06-23 01:42:59.379317"]]
  [1m[36m (0.7ms)[0m  [1mcommit transaction[0m
  [1m[35m (0.1ms)[0m  begin transaction
  [1m[36mSQL (0.4ms)[0m  [1mINSERT INTO "people" ("name", "created_at", "updated_at") VALUES (?, ?, ?)[0m  [["name", "Jack"], ["created_at", "2015-06-23 01:42:59.390432"], ["updated_at", "2015-06-23 01:42:59.390432"]]
  [1m[35m (0.9ms)[0m  commit transaction
  [1m[36m (0.1ms)[0m  [1mbegin transaction[0m
  [1m[35mSQL (0.3ms)[0m  INSERT INTO "people" ("name", "created_at", "updated_at") VALUES (?, ?, ?)  [["name", "Samantha"], ["created_at", "2015-06-23 01:42:59.393383"], ["updated_at", "2015-06-23 01:42:59.393383"]]
  [1m[36m (0.9ms)[0m  [1mcommit transaction[0m
  [1m[35m (0.1ms)[0m  begin transaction
  [1m[36mSQL (0.3ms)[0m  [1mINSERT INTO "people" ("name", "created_at", "updated_at") VALUES (?, ?, ?)[0m  [["name", "Daniel"], ["created_at", "2015-06-23 01:42:59.396668"], ["updated_at", "2015-06-23 01:42:59.396668"]]
  [1m[35m (0.9ms)[0m  commit transaction
  [1m[36m (0.1ms)[0m  [1mbegin transaction[0m
  [1m[35mSQL (0.3ms)[0m  INSERT INTO "people" ("name", "created_at", "updated_at") VALUES (?, ?, ?)  [["name", "Teal'c"], ["created_at", "2015-06-23 01:42:59.399623"], ["updated_at", "2015-06-23 01:42:59.399623"]]
  [1m[36m (1.3ms)[0m  [1mcommit transaction[0m


Started GET "/" for ::1 at 2015-06-22 18:43:01 -0700
  [1m[36mActiveRecord::SchemaMigration Load (0.2ms)[0m  [1mSELECT "schema_migrations".* FROM "schema_migrations"[0m
Processing by TasksController#index as HTML
  [1m[35mTask Load (0.2ms)[0m  SELECT "tasks".* FROM "tasks"
  Rendered tasks/index.html.erb within layouts/application (25.6ms)
Completed 500 Internal Server Error in 53ms (ActiveRecord: 0.6ms)

NoMethodError - undefined method `name' for nil:NilClass:
  app/views/tasks/index.html.erb:13:in `block in _app_views_tasks_index_html_erb___4047853220657879262_70179139111240'
  activerecord (4.2.2) lib/active_record/relation/delegation.rb:46:in `each'
  app/views/tasks/index.html.erb:10:in `_app_views_tasks_index_html_erb___4047853220657879262_70179139111240'
  actionview (4.2.2) lib/action_view/template.rb:145:in `block in render'
  activesupport (4.2.2) lib/active_support/notifications.rb:166:in `instrument'
  actionview (4.2.2) lib/action_view/template.rb:333:in `instrument'
  actionview (4.2.2) lib/action_view/template.rb:143:in `render'
  actionview (4.2.2) lib/action_view/renderer/template_renderer.rb:54:in `block (2 levels) in render_template'
  actionview (4.2.2) lib/action_view/renderer/abstract_renderer.rb:39:in `block in instrument'
  activesupport (4.2.2) lib/active_support/notifications.rb:164:in `block in instrument'
  activesupport (4.2.2) lib/active_support/notifications/instrumenter.rb:20:in `instrument'
  activesupport (4.2.2) lib/active_support/notifications.rb:164:in `instrument'
  actionview (4.2.2) lib/action_view/renderer/abstract_renderer.rb:39:in `instrument'
  actionview (4.2.2) lib/action_view/renderer/template_renderer.rb:53:in `block in render_template'
  actionview (4.2.2) lib/action_view/renderer/template_renderer.rb:61:in `render_with_layout'
  actionview (4.2.2) lib/action_view/renderer/template_renderer.rb:52:in `render_template'
  actionview (4.2.2) lib/action_view/renderer/template_renderer.rb:14:in `render'
  actionview (4.2.2) lib/action_view/renderer/renderer.rb:42:in `render_template'
  actionview (4.2.2) lib/action_view/renderer/renderer.rb:23:in `render'
  actionview (4.2.2) lib/action_view/rendering.rb:100:in `_render_template'
  actionpack (4.2.2) lib/action_controller/metal/streaming.rb:217:in `_render_template'
  actionview (4.2.2) lib/action_view/rendering.rb:83:in `render_to_body'
  actionpack (4.2.2) lib/action_controller/metal/rendering.rb:32:in `render_to_body'
  actionpack (4.2.2) lib/action_controller/metal/renderers.rb:37:in `render_to_body'
  actionpack (4.2.2) lib/abstract_controller/rendering.rb:25:in `render'
  actionpack (4.2.2) lib/action_controller/metal/rendering.rb:16:in `render'
  actionpack (4.2.2) lib/action_controller/metal/instrumentation.rb:44:in `block (2 levels) in render'
  activesupport (4.2.2) lib/active_support/core_ext/benchmark.rb:12:in `block in ms'
  /Users/arhx/.rvm/rubies/ruby-2.2.2/lib/ruby/2.2.0/benchmark.rb:303:in `realtime'
  activesupport (4.2.2) lib/active_support/core_ext/benchmark.rb:12:in `ms'
  actionpack (4.2.2) lib/action_controller/metal/instrumentation.rb:44:in `block in render'
  actionpack (4.2.2) lib/action_controller/metal/instrumentation.rb:87:in `cleanup_view_runtime'
  activerecord (4.2.2) lib/active_record/railties/controller_runtime.rb:25:in `cleanup_view_runtime'
  actionpack (4.2.2) lib/action_controller/metal/instrumentation.rb:43:in `render'
  actionpack (4.2.2) lib/action_controller/metal/implicit_render.rb:10:in `default_render'
  actionpack (4.2.2) lib/action_controller/metal/implicit_render.rb:5:in `send_action'
  actionpack (4.2.2) lib/abstract_controller/base.rb:198:in `process_action'
  actionpack (4.2.2) lib/action_controller/metal/rendering.rb:10:in `process_action'
  actionpack (4.2.2) lib/abstract_controller/callbacks.rb:20:in `block in process_action'
  activesupport (4.2.2) lib/active_support/callbacks.rb:117:in `call'
  activesupport (4.2.2) lib/active_support/callbacks.rb:555:in `block (2 levels) in compile'
  activesupport (4.2.2) lib/active_support/callbacks.rb:505:in `call'
  activesupport (4.2.2) lib/active_support/callbacks.rb:92:in `_run_callbacks'
  activesupport (4.2.2) lib/active_support/callbacks.rb:776:in `_run_process_action_callbacks'
  activesupport (4.2.2) lib/active_support/callbacks.rb:81:in `run_callbacks'
  actionpack (4.2.2) lib/abstract_controller/callbacks.rb:19:in `process_action'
  actionpack (4.2.2) lib/action_controller/metal/rescue.rb:29:in `process_action'
  actionpack (4.2.2) lib/action_controller/metal/instrumentation.rb:32:in `block in process_action'
  activesupport (4.2.2) lib/active_support/notifications.rb:164:in `block in instrument'
  activesupport (4.2.2) lib/active_support/notifications/instrumenter.rb:20:in `instrument'
  activesupport (4.2.2) lib/active_support/notifications.rb:164:in `instrument'
  actionpack (4.2.2) lib/action_controller/metal/instrumentation.rb:30:in `process_action'
  actionpack (4.2.2) lib/action_controller/metal/params_wrapper.rb:250:in `process_action'
  activerecord (4.2.2) lib/active_record/railties/controller_runtime.rb:18:in `process_action'
  actionpack (4.2.2) lib/abstract_controller/base.rb:137:in `process'
  actionview (4.2.2) lib/action_view/rendering.rb:30:in `process'
  actionpack (4.2.2) lib/action_controller/metal.rb:196:in `dispatch'
  actionpack (4.2.2) lib/action_controller/metal/rack_delegation.rb:13:in `dispatch'
  actionpack (4.2.2) lib/action_controller/metal.rb:237:in `block in action'
  actionpack (4.2.2) lib/action_dispatch/routing/route_set.rb:74:in `dispatch'
  actionpack (4.2.2) lib/action_dispatch/routing/route_set.rb:43:in `serve'
  actionpack (4.2.2) lib/action_dispatch/journey/router.rb:43:in `block in serve'
  actionpack (4.2.2) lib/action_dispatch/journey/router.rb:30:in `serve'
  actionpack (4.2.2) lib/action_dispatch/routing/route_set.rb:819:in `call'
  rack (1.6.2) lib/rack/etag.rb:24:in `call'
  rack (1.6.2) lib/rack/conditionalget.rb:25:in `call'
  rack (1.6.2) lib/rack/head.rb:13:in `call'
  actionpack (4.2.2) lib/action_dispatch/middleware/params_parser.rb:27:in `call'
  actionpack (4.2.2) lib/action_dispatch/middleware/flash.rb:260:in `call'
  rack (1.6.2) lib/rack/session/abstract/id.rb:225:in `context'
  rack (1.6.2) lib/rack/session/abstract/id.rb:220:in `call'
  actionpack (4.2.2) lib/action_dispatch/middleware/cookies.rb:560:in `call'
  activerecord (4.2.2) lib/active_record/query_cache.rb:36:in `call'
  activerecord (4.2.2) lib/active_record/connection_adapters/abstract/connection_pool.rb:649:in `call'
  activerecord (4.2.2) lib/active_record/migration.rb:378:in `call'
  actionpack (4.2.2) lib/action_dispatch/middleware/callbacks.rb:29:in `block in call'
  activesupport (4.2.2) lib/active_support/callbacks.rb:88:in `_run_callbacks'
  activesupport (4.2.2) lib/active_support/callbacks.rb:776:in `_run_call_callbacks'
  activesupport (4.2.2) lib/active_support/callbacks.rb:81:in `run_callbacks'
  actionpack (4.2.2) lib/action_dispatch/middleware/callbacks.rb:27:in `call'
  actionpack (4.2.2) lib/action_dispatch/middleware/reloader.rb:73:in `call'
  actionpack (4.2.2) lib/action_dispatch/middleware/remote_ip.rb:78:in `call'
  better_errors (2.1.1) lib/better_errors/middleware.rb:84:in `protected_app_call'
  better_errors (2.1.1) lib/better_errors/middleware.rb:79:in `better_errors_call'
  better_errors (2.1.1) lib/better_errors/middleware.rb:57:in `call'
  actionpack (4.2.2) lib/action_dispatch/middleware/debug_exceptions.rb:17:in `call'
  web-console (2.1.3) lib/web_console/middleware.rb:37:in `call'
  actionpack (4.2.2) lib/action_dispatch/middleware/show_exceptions.rb:30:in `call'
  railties (4.2.2) lib/rails/rack/logger.rb:38:in `call_app'
  railties (4.2.2) lib/rails/rack/logger.rb:20:in `block in call'
  activesupport (4.2.2) lib/active_support/tagged_logging.rb:68:in `block in tagged'
  activesupport (4.2.2) lib/active_support/tagged_logging.rb:26:in `tagged'
  activesupport (4.2.2) lib/active_support/tagged_logging.rb:68:in `tagged'
  railties (4.2.2) lib/rails/rack/logger.rb:20:in `call'
  actionpack (4.2.2) lib/action_dispatch/middleware/request_id.rb:21:in `call'
  rack (1.6.2) lib/rack/methodoverride.rb:22:in `call'
  rack (1.6.2) lib/rack/runtime.rb:18:in `call'
  activesupport (4.2.2) lib/active_support/cache/strategy/local_cache_middleware.rb:28:in `call'
  rack (1.6.2) lib/rack/lock.rb:17:in `call'
  actionpack (4.2.2) lib/action_dispatch/middleware/static.rb:113:in `call'
  rack (1.6.2) lib/rack/sendfile.rb:113:in `call'
  railties (4.2.2) lib/rails/engine.rb:518:in `call'
  railties (4.2.2) lib/rails/application.rb:164:in `call'
  rack (1.6.2) lib/rack/lock.rb:17:in `call'
  rack (1.6.2) lib/rack/content_length.rb:15:in `call'
  rack (1.6.2) lib/rack/handler/webrick.rb:88:in `service'
  /Users/arhx/.rvm/rubies/ruby-2.2.2/lib/ruby/2.2.0/webrick/httpserver.rb:138:in `service'
  /Users/arhx/.rvm/rubies/ruby-2.2.2/lib/ruby/2.2.0/webrick/httpserver.rb:94:in `run'
  /Users/arhx/.rvm/rubies/ruby-2.2.2/lib/ruby/2.2.0/webrick/server.rb:294:in `block in start_thread'



Started POST "/__better_errors/35f9e8655c723a1c/variables" for ::1 at 2015-06-22 18:43:02 -0700
  [1m[36mTask Load (3.6ms)[0m  [1mSELECT "tasks".* FROM "tasks"[0m
  [1m[35mPerson Load (0.5ms)[0m  SELECT "people".* FROM "people"
  [1m[36mTask Load (0.4ms)[0m  [1mSELECT "tasks".* FROM "tasks"[0m
  [1m[35mPerson Load (0.2ms)[0m  SELECT  "people".* FROM "people" WHERE "people"."id" = ? LIMIT 1  [["id", 2]]
  [1m[36m (0.2ms)[0m  [1mbegin transaction[0m
  [1m[35mSQL (0.9ms)[0m  UPDATE "tasks" SET "person_id" = ?, "updated_at" = ? WHERE "tasks"."id" = ?  [["person_id", 2], ["updated_at", "2015-06-23 05:27:13.744795"], ["id", 1]]
  [1m[36m (0.7ms)[0m  [1mcommit transaction[0m
  [1m[35mPerson Load (0.2ms)[0m  SELECT  "people".* FROM "people" WHERE "people"."id" = ? LIMIT 1  [["id", 2]]
  [1m[36m (0.1ms)[0m  [1mbegin transaction[0m
  [1m[35mSQL (0.4ms)[0m  UPDATE "tasks" SET "person_id" = ?, "updated_at" = ? WHERE "tasks"."id" = ?  [["person_id", 2], ["updated_at", "2015-06-23 05:27:13.752195"], ["id", 2]]
  [1m[36m (0.7ms)[0m  [1mcommit transaction[0m
  [1m[35mPerson Load (0.3ms)[0m  SELECT  "people".* FROM "people" WHERE "people"."id" = ? LIMIT 1  [["id", 2]]
  [1m[36m (0.1ms)[0m  [1mbegin transaction[0m
  [1m[35mSQL (0.3ms)[0m  UPDATE "tasks" SET "person_id" = ?, "updated_at" = ? WHERE "tasks"."id" = ?  [["person_id", 2], ["updated_at", "2015-06-23 05:27:13.758220"], ["id", 3]]
  [1m[36m (0.7ms)[0m  [1mcommit transaction[0m
  [1m[35mPerson Load (0.1ms)[0m  SELECT  "people".* FROM "people" WHERE "people"."id" = ? LIMIT 1  [["id", 2]]
  [1m[36m (0.1ms)[0m  [1mbegin transaction[0m
  [1m[35mSQL (0.6ms)[0m  UPDATE "tasks" SET "person_id" = ?, "updated_at" = ? WHERE "tasks"."id" = ?  [["person_id", 2], ["updated_at", "2015-06-23 05:27:13.770857"], ["id", 4]]
  [1m[36m (1.2ms)[0m  [1mcommit transaction[0m
  [1m[35mPerson Load (0.3ms)[0m  SELECT  "people".* FROM "people" WHERE "people"."id" = ? LIMIT 1  [["id", 2]]
  [1m[36m (0.1ms)[0m  [1mbegin transaction[0m
  [1m[35mSQL (0.5ms)[0m  UPDATE "tasks" SET "person_id" = ?, "updated_at" = ? WHERE "tasks"."id" = ?  [["person_id", 2], ["updated_at", "2015-06-23 05:27:13.779024"], ["id", 5]]
  [1m[36m (0.7ms)[0m  [1mcommit transaction[0m
  [1m[35mPerson Load (0.1ms)[0m  SELECT  "people".* FROM "people" WHERE "people"."id" = ? LIMIT 1  [["id", 2]]
  [1m[36m (0.1ms)[0m  [1mbegin transaction[0m
  [1m[35mSQL (0.4ms)[0m  UPDATE "tasks" SET "person_id" = ?, "updated_at" = ? WHERE "tasks"."id" = ?  [["person_id", 2], ["updated_at", "2015-06-23 05:27:13.784482"], ["id", 6]]
  [1m[36m (0.8ms)[0m  [1mcommit transaction[0m
  [1m[35mPerson Load (0.1ms)[0m  SELECT  "people".* FROM "people" WHERE "people"."id" = ? LIMIT 1  [["id", 2]]
  [1m[36m (0.1ms)[0m  [1mbegin transaction[0m
  [1m[35mSQL (0.3ms)[0m  UPDATE "tasks" SET "person_id" = ?, "updated_at" = ? WHERE "tasks"."id" = ?  [["person_id", 2], ["updated_at", "2015-06-23 05:27:13.788864"], ["id", 7]]
  [1m[36m (0.7ms)[0m  [1mcommit transaction[0m
  [1m[35mPerson Load (0.1ms)[0m  SELECT  "people".* FROM "people" WHERE "people"."id" = ? LIMIT 1  [["id", 2]]
  [1m[36m (0.1ms)[0m  [1mbegin transaction[0m
  [1m[35mSQL (0.2ms)[0m  UPDATE "tasks" SET "person_id" = ?, "updated_at" = ? WHERE "tasks"."id" = ?  [["person_id", 2], ["updated_at", "2015-06-23 05:27:13.792880"], ["id", 8]]
  [1m[36m (0.8ms)[0m  [1mcommit transaction[0m
  [1m[35mPerson Load (0.1ms)[0m  SELECT  "people".* FROM "people" WHERE "people"."id" = ? LIMIT 1  [["id", 2]]
  [1m[36m (0.1ms)[0m  [1mbegin transaction[0m
  [1m[35mSQL (0.4ms)[0m  UPDATE "tasks" SET "person_id" = ?, "updated_at" = ? WHERE "tasks"."id" = ?  [["person_id", 2], ["updated_at", "2015-06-23 05:27:13.796606"], ["id", 9]]
  [1m[36m (0.7ms)[0m  [1mcommit transaction[0m
  [1m[35mPerson Load (0.1ms)[0m  SELECT  "people".* FROM "people" WHERE "people"."id" = ? LIMIT 1  [["id", 2]]
  [1m[36m (0.1ms)[0m  [1mbegin transaction[0m
  [1m[35mSQL (0.4ms)[0m  UPDATE "tasks" SET "person_id" = ?, "updated_at" = ? WHERE "tasks"."id" = ?  [["person_id", 2], ["updated_at", "2015-06-23 05:27:13.801282"], ["id", 10]]
  [1m[36m (0.8ms)[0m  [1mcommit transaction[0m
  [1m[35mTask Load (0.3ms)[0m  SELECT  "tasks".* FROM "tasks" WHERE "tasks"."id" = ? LIMIT 1  [["id", 5]]


Started GET "/" for ::1 at 2015-06-22 22:27:26 -0700
  [1m[36mActiveRecord::SchemaMigration Load (0.4ms)[0m  [1mSELECT "schema_migrations".* FROM "schema_migrations"[0m
Processing by TasksController#index as HTML
  [1m[35mTask Load (0.2ms)[0m  SELECT "tasks".* FROM "tasks"
  [1m[36mPerson Load (0.2ms)[0m  [1mSELECT  "people".* FROM "people" WHERE "people"."id" = ? LIMIT 1[0m  [["id", 2]]
  [1m[35mCACHE (0.0ms)[0m  SELECT  "people".* FROM "people" WHERE "people"."id" = ? LIMIT 1  [["id", 2]]
  [1m[36mCACHE (0.0ms)[0m  [1mSELECT  "people".* FROM "people" WHERE "people"."id" = ? LIMIT 1[0m  [["id", 2]]
  [1m[35mCACHE (0.0ms)[0m  SELECT  "people".* FROM "people" WHERE "people"."id" = ? LIMIT 1  [["id", 2]]
  [1m[36mCACHE (0.0ms)[0m  [1mSELECT  "people".* FROM "people" WHERE "people"."id" = ? LIMIT 1[0m  [["id", 2]]
  [1m[35mCACHE (0.0ms)[0m  SELECT  "people".* FROM "people" WHERE "people"."id" = ? LIMIT 1  [["id", 2]]
  [1m[36mCACHE (0.0ms)[0m  [1mSELECT  "people".* FROM "people" WHERE "people"."id" = ? LIMIT 1[0m  [["id", 2]]
  [1m[35mCACHE (0.0ms)[0m  SELECT  "people".* FROM "people" WHERE "people"."id" = ? LIMIT 1  [["id", 2]]
  [1m[36mCACHE (0.0ms)[0m  [1mSELECT  "people".* FROM "people" WHERE "people"."id" = ? LIMIT 1[0m  [["id", 2]]
  [1m[35mCACHE (0.0ms)[0m  SELECT  "people".* FROM "people" WHERE "people"."id" = ? LIMIT 1  [["id", 2]]
  Rendered tasks/index.html.erb within layouts/application (53.6ms)
  Rendered shared/_header.html.erb (1.0ms)
  Rendered shared/_footer.html.erb (0.8ms)
Completed 200 OK in 1977ms (Views: 1959.5ms | ActiveRecord: 1.8ms)


Started GET "/assets/application.self-e80e8f2318043e8af94dddc2adad5a4f09739a8ebb323b3ab31cd71d45fd9113.css?body=1" for ::1 at 2015-06-22 22:27:28 -0700


Started GET "/assets/people.self-e3b0c44298fc1c149afbf4c8996fb92427ae41e4649b934ca495991b7852b855.css?body=1" for ::1 at 2015-06-22 22:27:28 -0700


Started GET "/assets/jquery.self-d03a5518f45df77341bdbe6201ba3bfa547ebba8ed64f0ea56bfa5f96ea7c074.js?body=1" for ::1 at 2015-06-22 22:27:28 -0700


Started GET "/assets/jquery_ujs.self-ca5248a2fad13d6bd58ea121318d642f195f0b2dd818b30615f785ff365e8d1f.js?body=1" for ::1 at 2015-06-22 22:27:28 -0700


Started GET "/assets/task.self-f139a7e1d649f76826d61b8df3584a9c3d7172c7c13b82762138fd67eb1eb474.css?body=1" for ::1 at 2015-06-22 22:27:28 -0700


Started GET "/assets/turbolinks.self-c37727e9bd6b2735da5c311aa83fead54ed0be6cc8bd9a65309e9c5abe2cbfff.js?body=1" for ::1 at 2015-06-22 22:27:28 -0700


Started GET "/assets/people.self-877aef30ae1b040ab8a3aba4e3e309a11d7f2612f44dde450b5c157aa5f95c05.js?body=1" for ::1 at 2015-06-22 22:27:28 -0700


Started GET "/assets/task.self-877aef30ae1b040ab8a3aba4e3e309a11d7f2612f44dde450b5c157aa5f95c05.js?body=1" for ::1 at 2015-06-22 22:27:28 -0700


Started GET "/assets/application.self-3b8dabdc891efe46b9a144b400ad69e37d7e5876bdc39dee783419a69d7ca819.js?body=1" for ::1 at 2015-06-22 22:27:28 -0700


Started GET "/tasks/2" for ::1 at 2015-06-22 22:27:32 -0700
Processing by TasksController#show as HTML
  Parameters: {"id"=>"2"}
  [1m[36mTask Load (0.2ms)[0m  [1mSELECT  "tasks".* FROM "tasks" WHERE "tasks"."id" = ? LIMIT 1[0m  [["id", 2]]
  [1m[35mPerson Load (0.1ms)[0m  SELECT  "people".* FROM "people" WHERE "people"."id" = ? LIMIT 1  [["id", 2]]
  Rendered tasks/_task_table.html.erb (1.5ms)
  Rendered tasks/show.html.erb within layouts/application (4.5ms)
  Rendered shared/_header.html.erb (0.6ms)
  Rendered shared/_footer.html.erb (0.4ms)
Completed 200 OK in 48ms (Views: 42.5ms | ActiveRecord: 0.3ms)


Started GET "/tasks/2/edit" for ::1 at 2015-06-22 22:27:33 -0700
Processing by TasksController#edit as HTML
  Parameters: {"id"=>"2"}
  [1m[36mTask Load (0.1ms)[0m  [1mSELECT  "tasks".* FROM "tasks" WHERE "tasks"."id" = ? LIMIT 1[0m  [["id", 2]]
  [1m[35mPerson Load (0.2ms)[0m  SELECT "people".* FROM "people"
  Rendered tasks/_form.html.erb (20.2ms)
  Rendered tasks/edit.html.erb within layouts/application (23.6ms)
  Rendered shared/_header.html.erb (0.1ms)
  Rendered shared/_footer.html.erb (0.1ms)
Completed 200 OK in 56ms (Views: 54.7ms | ActiveRecord: 0.3ms)


Started PATCH "/tasks/2" for ::1 at 2015-06-22 22:27:35 -0700
Processing by TasksController#update as HTML
  Parameters: {"utf8"=>"✓", "authenticity_token"=>"dZ0Dh72sgDKqUT/+Q1dWkRG6JH4MalHnl0cY1J/Ugy4XPeavalQ3g+bMDe1S8Rin6Va/yMT4DFhSOs8ieFbuew==", "task"=>{"name"=>"Go to Brunch", "description"=>"eat Eggs Benedict", "person_id"=>"1", "date_completed"=>""}, "commit"=>"update", "id"=>"2"}
  [1m[36mTask Load (0.1ms)[0m  [1mSELECT  "tasks".* FROM "tasks" WHERE "tasks"."id" = ? LIMIT 1[0m  [["id", 2]]
Unpermitted parameters: utf8, _method, authenticity_token, commit, id
  [1m[35m (0.1ms)[0m  begin transaction
  [1m[36mSQL (0.5ms)[0m  [1mUPDATE "tasks" SET "person_id" = ?, "updated_at" = ? WHERE "tasks"."id" = ?[0m  [["person_id", 1], ["updated_at", "2015-06-23 05:27:35.801391"], ["id", 2]]
  [1m[35m (0.7ms)[0m  commit transaction
Redirected to http://localhost:3000/
Completed 302 Found in 7ms (ActiveRecord: 1.4ms)


Started GET "/" for ::1 at 2015-06-22 22:27:35 -0700
Processing by TasksController#index as HTML
  [1m[36mTask Load (0.2ms)[0m  [1mSELECT "tasks".* FROM "tasks"[0m
  [1m[35mPerson Load (0.1ms)[0m  SELECT  "people".* FROM "people" WHERE "people"."id" = ? LIMIT 1  [["id", 2]]
  [1m[36mPerson Load (0.1ms)[0m  [1mSELECT  "people".* FROM "people" WHERE "people"."id" = ? LIMIT 1[0m  [["id", 1]]
  [1m[35mCACHE (0.0ms)[0m  SELECT  "people".* FROM "people" WHERE "people"."id" = ? LIMIT 1  [["id", 2]]
  [1m[36mCACHE (0.0ms)[0m  [1mSELECT  "people".* FROM "people" WHERE "people"."id" = ? LIMIT 1[0m  [["id", 2]]
  [1m[35mCACHE (0.0ms)[0m  SELECT  "people".* FROM "people" WHERE "people"."id" = ? LIMIT 1  [["id", 2]]
  [1m[36mCACHE (0.0ms)[0m  [1mSELECT  "people".* FROM "people" WHERE "people"."id" = ? LIMIT 1[0m  [["id", 2]]
  [1m[35mCACHE (0.0ms)[0m  SELECT  "people".* FROM "people" WHERE "people"."id" = ? LIMIT 1  [["id", 2]]
  [1m[36mCACHE (0.0ms)[0m  [1mSELECT  "people".* FROM "people" WHERE "people"."id" = ? LIMIT 1[0m  [["id", 2]]
  [1m[35mCACHE (0.0ms)[0m  SELECT  "people".* FROM "people" WHERE "people"."id" = ? LIMIT 1  [["id", 2]]
  [1m[36mCACHE (0.0ms)[0m  [1mSELECT  "people".* FROM "people" WHERE "people"."id" = ? LIMIT 1[0m  [["id", 2]]
  Rendered tasks/index.html.erb within layouts/application (8.3ms)
  Rendered shared/_header.html.erb (0.1ms)
  Rendered shared/_footer.html.erb (0.1ms)
Completed 200 OK in 43ms (Views: 41.6ms | ActiveRecord: 0.5ms)


Started GET "/tasks/4" for ::1 at 2015-06-22 22:27:41 -0700
Processing by TasksController#show as HTML
  Parameters: {"id"=>"4"}
  [1m[35mTask Load (0.1ms)[0m  SELECT  "tasks".* FROM "tasks" WHERE "tasks"."id" = ? LIMIT 1  [["id", 4]]
  [1m[36mPerson Load (0.1ms)[0m  [1mSELECT  "people".* FROM "people" WHERE "people"."id" = ? LIMIT 1[0m  [["id", 2]]
  Rendered tasks/_task_table.html.erb (0.9ms)
  Rendered tasks/show.html.erb within layouts/application (2.5ms)
  Rendered shared/_header.html.erb (0.1ms)
  Rendered shared/_footer.html.erb (0.1ms)
Completed 200 OK in 40ms (Views: 38.7ms | ActiveRecord: 0.2ms)


Started GET "/tasks/4/edit" for ::1 at 2015-06-22 22:27:42 -0700
Processing by TasksController#edit as HTML
  Parameters: {"id"=>"4"}
  [1m[35mTask Load (0.1ms)[0m  SELECT  "tasks".* FROM "tasks" WHERE "tasks"."id" = ? LIMIT 1  [["id", 4]]
  [1m[36mPerson Load (0.2ms)[0m  [1mSELECT "people".* FROM "people"[0m
  Rendered tasks/_form.html.erb (2.0ms)
  Rendered tasks/edit.html.erb within layouts/application (3.6ms)
  Rendered shared/_header.html.erb (0.1ms)
  Rendered shared/_footer.html.erb (0.1ms)
Completed 200 OK in 41ms (Views: 39.2ms | ActiveRecord: 0.3ms)


Started PATCH "/tasks/4" for ::1 at 2015-06-22 22:27:45 -0700
Processing by TasksController#update as HTML
  Parameters: {"utf8"=>"✓", "authenticity_token"=>"IvMcx1u97czkdwdxeCUDxAQTYVdaemSImDWkinnAaBtAU/nvjEVafajqNWJpg03y/P/64ZLoOTddSHN8nkIFTg==", "task"=>{"name"=>"Go to Second Lunch", "description"=>"eat some tacos", "person_id"=>"3", "date_completed"=>""}, "commit"=>"update", "id"=>"4"}
  [1m[35mTask Load (0.1ms)[0m  SELECT  "tasks".* FROM "tasks" WHERE "tasks"."id" = ? LIMIT 1  [["id", 4]]
Unpermitted parameters: utf8, _method, authenticity_token, commit, id
  [1m[36m (0.1ms)[0m  [1mbegin transaction[0m
  [1m[35mSQL (0.3ms)[0m  UPDATE "tasks" SET "person_id" = ?, "updated_at" = ? WHERE "tasks"."id" = ?  [["person_id", 3], ["updated_at", "2015-06-23 05:27:45.770370"], ["id", 4]]
  [1m[36m (1.6ms)[0m  [1mcommit transaction[0m
Redirected to http://localhost:3000/
Completed 302 Found in 6ms (ActiveRecord: 2.1ms)


Started GET "/" for ::1 at 2015-06-22 22:27:45 -0700
Processing by TasksController#index as HTML
  [1m[35mTask Load (0.2ms)[0m  SELECT "tasks".* FROM "tasks"
  [1m[36mPerson Load (0.1ms)[0m  [1mSELECT  "people".* FROM "people" WHERE "people"."id" = ? LIMIT 1[0m  [["id", 2]]
  [1m[35mPerson Load (0.1ms)[0m  SELECT  "people".* FROM "people" WHERE "people"."id" = ? LIMIT 1  [["id", 1]]
  [1m[36mCACHE (0.0ms)[0m  [1mSELECT  "people".* FROM "people" WHERE "people"."id" = ? LIMIT 1[0m  [["id", 2]]
  [1m[35mPerson Load (0.2ms)[0m  SELECT  "people".* FROM "people" WHERE "people"."id" = ? LIMIT 1  [["id", 3]]
  [1m[36mCACHE (0.0ms)[0m  [1mSELECT  "people".* FROM "people" WHERE "people"."id" = ? LIMIT 1[0m  [["id", 2]]
  [1m[35mCACHE (0.0ms)[0m  SELECT  "people".* FROM "people" WHERE "people"."id" = ? LIMIT 1  [["id", 2]]
  [1m[36mCACHE (0.0ms)[0m  [1mSELECT  "people".* FROM "people" WHERE "people"."id" = ? LIMIT 1[0m  [["id", 2]]
  [1m[35mCACHE (0.0ms)[0m  SELECT  "people".* FROM "people" WHERE "people"."id" = ? LIMIT 1  [["id", 2]]
  [1m[36mCACHE (0.0ms)[0m  [1mSELECT  "people".* FROM "people" WHERE "people"."id" = ? LIMIT 1[0m  [["id", 2]]
  [1m[35mCACHE (0.0ms)[0m  SELECT  "people".* FROM "people" WHERE "people"."id" = ? LIMIT 1  [["id", 2]]
  Rendered tasks/index.html.erb within layouts/application (17.4ms)
  Rendered shared/_header.html.erb (0.1ms)
  Rendered shared/_footer.html.erb (0.1ms)
Completed 200 OK in 55ms (Views: 53.5ms | ActiveRecord: 0.7ms)


Started GET "/tasks/8" for ::1 at 2015-06-22 22:27:47 -0700
Processing by TasksController#show as HTML
  Parameters: {"id"=>"8"}
  [1m[36mTask Load (0.1ms)[0m  [1mSELECT  "tasks".* FROM "tasks" WHERE "tasks"."id" = ? LIMIT 1[0m  [["id", 8]]
  [1m[35mPerson Load (0.1ms)[0m  SELECT  "people".* FROM "people" WHERE "people"."id" = ? LIMIT 1  [["id", 2]]
  Rendered tasks/_task_table.html.erb (0.7ms)
  Rendered tasks/show.html.erb within layouts/application (2.4ms)
  Rendered shared/_header.html.erb (0.1ms)
  Rendered shared/_footer.html.erb (0.1ms)
Completed 200 OK in 47ms (Views: 45.2ms | ActiveRecord: 0.2ms)


Started GET "/tasks/8/edit" for ::1 at 2015-06-22 22:27:49 -0700
Processing by TasksController#edit as HTML
  Parameters: {"id"=>"8"}
  [1m[36mTask Load (0.1ms)[0m  [1mSELECT  "tasks".* FROM "tasks" WHERE "tasks"."id" = ? LIMIT 1[0m  [["id", 8]]
  [1m[35mPerson Load (0.1ms)[0m  SELECT "people".* FROM "people"
  Rendered tasks/_form.html.erb (2.3ms)
  Rendered tasks/edit.html.erb within layouts/application (4.0ms)
  Rendered shared/_header.html.erb (0.1ms)
  Rendered shared/_footer.html.erb (0.1ms)
Completed 200 OK in 40ms (Views: 38.6ms | ActiveRecord: 0.3ms)


Started PATCH "/tasks/8" for ::1 at 2015-06-22 22:27:52 -0700
Processing by TasksController#update as HTML
  Parameters: {"utf8"=>"✓", "authenticity_token"=>"owKxg2lohQmZk9O6ns4DK896dt2urcj+1el2ECu2T9nBolSrvpAyuNUO4amPaE0dN5bta2Y/lUEQlKHmzDQijA==", "task"=>{"name"=>"Call Mom", "description"=>"on the telephone", "person_id"=>"4", "date_completed"=>""}, "commit"=>"update", "id"=>"8"}
  [1m[36mTask Load (0.1ms)[0m  [1mSELECT  "tasks".* FROM "tasks" WHERE "tasks"."id" = ? LIMIT 1[0m  [["id", 8]]
Unpermitted parameters: utf8, _method, authenticity_token, commit, id
  [1m[35m (0.1ms)[0m  begin transaction
  [1m[36mSQL (0.3ms)[0m  [1mUPDATE "tasks" SET "person_id" = ?, "updated_at" = ? WHERE "tasks"."id" = ?[0m  [["person_id", 4], ["updated_at", "2015-06-23 05:27:52.616635"], ["id", 8]]
  [1m[35m (0.7ms)[0m  commit transaction
Redirected to http://localhost:3000/
Completed 302 Found in 5ms (ActiveRecord: 1.2ms)


Started GET "/" for ::1 at 2015-06-22 22:27:52 -0700
Processing by TasksController#index as HTML
  [1m[36mTask Load (0.2ms)[0m  [1mSELECT "tasks".* FROM "tasks"[0m
  [1m[35mPerson Load (0.1ms)[0m  SELECT  "people".* FROM "people" WHERE "people"."id" = ? LIMIT 1  [["id", 2]]
  [1m[36mPerson Load (0.1ms)[0m  [1mSELECT  "people".* FROM "people" WHERE "people"."id" = ? LIMIT 1[0m  [["id", 1]]
  [1m[35mCACHE (0.0ms)[0m  SELECT  "people".* FROM "people" WHERE "people"."id" = ? LIMIT 1  [["id", 2]]
  [1m[36mPerson Load (0.1ms)[0m  [1mSELECT  "people".* FROM "people" WHERE "people"."id" = ? LIMIT 1[0m  [["id", 3]]
  [1m[35mCACHE (0.0ms)[0m  SELECT  "people".* FROM "people" WHERE "people"."id" = ? LIMIT 1  [["id", 2]]
  [1m[36mCACHE (0.0ms)[0m  [1mSELECT  "people".* FROM "people" WHERE "people"."id" = ? LIMIT 1[0m  [["id", 2]]
  [1m[35mCACHE (0.0ms)[0m  SELECT  "people".* FROM "people" WHERE "people"."id" = ? LIMIT 1  [["id", 2]]
  [1m[36mPerson Load (0.1ms)[0m  [1mSELECT  "people".* FROM "people" WHERE "people"."id" = ? LIMIT 1[0m  [["id", 4]]
  [1m[35mCACHE (0.0ms)[0m  SELECT  "people".* FROM "people" WHERE "people"."id" = ? LIMIT 1  [["id", 2]]
  [1m[36mCACHE (0.0ms)[0m  [1mSELECT  "people".* FROM "people" WHERE "people"."id" = ? LIMIT 1[0m  [["id", 2]]
  Rendered tasks/index.html.erb within layouts/application (8.8ms)
  Rendered shared/_header.html.erb (0.1ms)
  Rendered shared/_footer.html.erb (0.1ms)
Completed 200 OK in 51ms (Views: 49.8ms | ActiveRecord: 0.7ms)


Started GET "/people/2" for ::1 at 2015-06-22 22:28:04 -0700
Processing by PeopleController#show as HTML
  Parameters: {"id"=>"2"}
  [1m[35mPerson Load (0.2ms)[0m  SELECT  "people".* FROM "people" WHERE "people"."id" = ? LIMIT 1  [["id", 2]]
  Rendered people/show.html.erb within layouts/application (1.5ms)
  Rendered shared/_header.html.erb (0.1ms)
  Rendered shared/_footer.html.erb (0.1ms)
Completed 200 OK in 45ms (Views: 42.8ms | ActiveRecord: 0.2ms)


Started GET "/people" for ::1 at 2015-06-22 22:28:06 -0700
Processing by PeopleController#index as HTML
  [1m[36mPerson Load (0.2ms)[0m  [1mSELECT "people".* FROM "people"[0m
  [1m[35m (0.2ms)[0m  SELECT COUNT(*) FROM "tasks" WHERE "tasks"."person_id" = ? AND "tasks"."date_completed" IS NULL  [["person_id", 1]]
  [1m[36m (0.1ms)[0m  [1mSELECT COUNT(*) FROM "tasks" WHERE "tasks"."person_id" = ? AND "tasks"."date_completed" IS NULL[0m  [["person_id", 2]]
  [1m[35m (0.1ms)[0m  SELECT COUNT(*) FROM "tasks" WHERE "tasks"."person_id" = ? AND "tasks"."date_completed" IS NULL  [["person_id", 3]]
  [1m[36m (0.1ms)[0m  [1mSELECT COUNT(*) FROM "tasks" WHERE "tasks"."person_id" = ? AND "tasks"."date_completed" IS NULL[0m  [["person_id", 4]]
  Rendered people/index.html.erb within layouts/application (20.0ms)
  Rendered shared/_header.html.erb (0.1ms)
  Rendered shared/_footer.html.erb (0.1ms)
Completed 200 OK in 56ms (Views: 54.9ms | ActiveRecord: 0.7ms)
